<?xml version="1.0" encoding="UTF-8"?>
<testsuite name="mx.com.rodel.sps.ProtectionTest" tests="1" skipped="0" failures="0" errors="0" timestamp="2017-11-30T04:49:50" hostname="rodel77" time="0.002">
  <properties/>
  <testcase name="idTest" classname="mx.com.rodel.sps.ProtectionTest" time="0.002"/>
  <system-out><![CDATA[]]></system-out>
  <system-err><![CDATA[]]></system-err>
</testsuite>
