<?xml version="1.0" encoding="UTF-8"?>
<testsuite name="mx.com.rodel.sps.BoundsTest" tests="1" skipped="0" failures="0" errors="0" timestamp="2017-11-30T07:52:49" hostname="rodel77" time="0.017">
  <properties/>
  <testcase name="boundsTest" classname="mx.com.rodel.sps.BoundsTest" time="0.017"/>
  <system-out><![CDATA[]]></system-out>
  <system-err><![CDATA[]]></system-err>
</testsuite>
